2026-02-19 19:02:36,265 - __main__ - INFO - ============================================================
2026-02-19 19:02:36,265 - __main__ - INFO - BASELINE SIMULATIONS - HIERARCHICAL UAV SCENARIO
2026-02-19 19:02:36,265 - __main__ - INFO - ============================================================
2026-02-19 19:02:36,265 - __main__ - INFO - NS3 Path: /home/elioth/iwcmc_oran
2026-02-19 19:02:36,265 - __main__ - INFO - Output Base: /home/elioth/iwcmc_oran/output_hierarchical_uav
2026-02-19 19:02:36,265 - __main__ - INFO - Mode: both
2026-02-19 19:02:36,265 - __main__ - INFO - Parallel: False
2026-02-19 19:02:36,265 - sim_always_on - INFO - Executável: /home/elioth/iwcmc_oran/build/optimized/scratch/ns3.38.rc1-scenario-hierarchical-xangai-UAV-optimized
2026-02-19 19:02:36,265 - sim_always_on - INFO - Comando: /home/elioth/iwcmc_oran/build/optimized/scratch/ns3.38.rc1-scenario-hierarchical-xangai-UAV-optimized --simTime=5.0 --ues=9 --RngRun=400 --configuration=1...
2026-02-19 19:02:36,542 - sim_always_on - ERROR - Simulação falhou (returncode=1)
2026-02-19 19:02:36,542 - sim_always_on - ERROR - stderr: Invalid command-line argument: --heuristicType=0
 [General Arguments]

General Arguments:
    --PrintGlobals:              Print the list of globals.
    --PrintGroups:               Print the list of groups.
    --PrintGroup=[group]:        Print all TypeIds of group.
    --PrintTypeIds:              Print all TypeIds.
    --PrintAttributes=[typeid]:  Print all attributes of typeid.
    --PrintVersion:              Print the ns-3 version.
    --PrintHelp:                 Print this help message.


2026-02-19 19:02:36,542 - sim_dynamic - INFO - Executável: /home/elioth/iwcmc_oran/build/optimized/scratch/ns3.38.rc1-scenario-hierarchical-xangai-UAV-optimized
2026-02-19 19:02:36,542 - sim_dynamic - INFO - Comando: /home/elioth/iwcmc_oran/build/optimized/scratch/ns3.38.rc1-scenario-hierarchical-xangai-UAV-optimized --simTime=5.0 --ues=9 --RngRun=400 --configuration=1...
2026-02-19 19:02:36,582 - sim_dynamic - ERROR - Simulação falhou (returncode=1)
2026-02-19 19:02:36,582 - sim_dynamic - ERROR - stderr: Invalid command-line argument: --heuristicType=1
 [General Arguments]

General Arguments:
    --PrintGlobals:              Print the list of globals.
    --PrintGroups:               Print the list of groups.
    --PrintGroup=[group]:        Print all TypeIds of group.
    --PrintTypeIds:              Print all TypeIds.
    --PrintAttributes=[typeid]:  Print all attributes of typeid.
    --PrintVersion:              Print the ns-3 version.
    --PrintHelp:                 Print this help message.


2026-02-19 19:02:36,582 - __main__ - INFO - 
============================================================
2026-02-19 19:02:36,582 - __main__ - INFO - RESULTADOS
2026-02-19 19:02:36,582 - __main__ - INFO - ============================================================
2026-02-19 19:02:36,582 - __main__ - ERROR - 
FALHA: Invalid command-line argument: --heuristicType=0
 [General Arguments]

General Arguments:
    --PrintGlobals:              Print the list of globals.
    --PrintGroups:               Print the list of groups.
    --PrintGroup=[group]:        Print all TypeIds of group.
    --PrintTypeIds:              Print all TypeIds.
    --PrintAttributes=[typeid]:  Print all attributes of typeid.
    --PrintVersion:              Print the ns-3 version.
    --PrintHelp:                 Print this help message
2026-02-19 19:02:36,582 - __main__ - ERROR - 
FALHA: Invalid command-line argument: --heuristicType=1
 [General Arguments]

General Arguments:
    --PrintGlobals:              Print the list of globals.
    --PrintGroups:               Print the list of groups.
    --PrintGroup=[group]:        Print all TypeIds of group.
    --PrintTypeIds:              Print all TypeIds.
    --PrintAttributes=[typeid]:  Print all attributes of typeid.
    --PrintVersion:              Print the ns-3 version.
    --PrintHelp:                 Print this help message
2026-02-19 19:02:36,582 - __main__ - INFO - 
Execução concluída!
2026-02-19 19:06:08,049 - __main__ - INFO - ============================================================
2026-02-19 19:06:08,050 - __main__ - INFO - BASELINE SIMULATIONS - HIERARCHICAL UAV SCENARIO
2026-02-19 19:06:08,050 - __main__ - INFO - ============================================================
2026-02-19 19:06:08,050 - __main__ - INFO - NS3 Path: /home/elioth/iwcmc_oran
2026-02-19 19:06:08,050 - __main__ - INFO - Output Base: /home/elioth/iwcmc_oran/output_hierarchical_uav
2026-02-19 19:06:08,050 - __main__ - INFO - Mode: always_on
2026-02-19 19:06:08,050 - __main__ - INFO - Parallel: False
2026-02-19 19:06:08,050 - sim_always_on - INFO - Executável: /home/elioth/iwcmc_oran/build/optimized/scratch/ns3.38.rc1-scenario-hierarchical-xangai-UAV-optimized
2026-02-19 19:06:08,050 - sim_always_on - INFO - Comando: /home/elioth/iwcmc_oran/build/optimized/scratch/ns3.38.rc1-scenario-hierarchical-xangai-UAV-optimized --simTime=5.0 --ues=9 --RngRun=400 --configuration=1...
2026-02-19 19:07:31,224 - sim_always_on - ERROR - Simulação falhou (returncode=-6)
2026-02-19 19:07:31,224 - sim_always_on - ERROR - stderr: msg="Can't open file hierarchical_actions.csv", +0.105000000s -1 file=/home/elioth/iwcmc_oran/src/lte/model/lte-enb-net-device.cc, line=231
NS_FATAL, terminating
terminate called without an active exception

2026-02-19 19:07:31,224 - __main__ - INFO - 
============================================================
2026-02-19 19:07:31,224 - __main__ - INFO - RESULTADOS
2026-02-19 19:07:31,224 - __main__ - INFO - ============================================================
2026-02-19 19:07:31,224 - __main__ - ERROR - 
FALHA: msg="Can't open file hierarchical_actions.csv", +0.105000000s -1 file=/home/elioth/iwcmc_oran/src/lte/model/lte-enb-net-device.cc, line=231
NS_FATAL, terminating
terminate called without an active exception

2026-02-19 19:07:31,224 - __main__ - INFO - 
Execução concluída!
2026-02-19 19:08:02,421 - __main__ - INFO - ============================================================
2026-02-19 19:08:02,421 - __main__ - INFO - BASELINE SIMULATIONS - HIERARCHICAL UAV SCENARIO
2026-02-19 19:08:02,421 - __main__ - INFO - ============================================================
2026-02-19 19:08:02,421 - __main__ - INFO - NS3 Path: /home/elioth/iwcmc_oran
2026-02-19 19:08:02,421 - __main__ - INFO - Output Base: /home/elioth/iwcmc_oran/output_hierarchical_uav
2026-02-19 19:08:02,421 - __main__ - INFO - Mode: always_on
2026-02-19 19:08:02,421 - __main__ - INFO - Parallel: False
2026-02-19 19:08:02,421 - sim_always_on - INFO - Executável: /home/elioth/iwcmc_oran/build/optimized/scratch/ns3.38.rc1-scenario-hierarchical-xangai-UAV-optimized
2026-02-19 19:08:02,421 - sim_always_on - INFO - Comando: /home/elioth/iwcmc_oran/build/optimized/scratch/ns3.38.rc1-scenario-hierarchical-xangai-UAV-optimized --simTime=5.0 --ues=9 --RngRun=400 --configuration=1...
2026-02-19 19:08:02,421 - sim_always_on - INFO - Criado arquivo de controle: /home/elioth/iwcmc_oran/output_hierarchical_uav/always_on_20260219_190802/hierarchical_actions.csv
2026-02-19 19:23:02,521 - sim_always_on - ERROR - Simulação excedeu timeout
2026-02-19 19:23:02,521 - __main__ - INFO - 
============================================================
2026-02-19 19:23:02,521 - __main__ - INFO - RESULTADOS
2026-02-19 19:23:02,521 - __main__ - INFO - ============================================================
2026-02-19 19:23:02,521 - __main__ - ERROR - 
FALHA: timeout
2026-02-19 19:23:02,521 - __main__ - INFO - 
Execução concluída!
2026-02-19 20:25:33,089 - __main__ - INFO - ============================================================
2026-02-19 20:25:33,089 - __main__ - INFO - BASELINE SIMULATIONS - HIERARCHICAL UAV SCENARIO
2026-02-19 20:25:33,089 - __main__ - INFO - ============================================================
2026-02-19 20:25:33,089 - __main__ - INFO - NS3 Path: /home/elioth/iwcmc_oran
2026-02-19 20:25:33,089 - __main__ - INFO - Output Base: /home/elioth/iwcmc_oran/output_hierarchical_uav
2026-02-19 20:25:33,089 - __main__ - INFO - Mode: always_on
2026-02-19 20:25:33,090 - __main__ - INFO - Parallel: False
2026-02-19 20:25:33,090 - sim_always_on - INFO - Executável: /home/elioth/iwcmc_oran/build/optimized/scratch/ns3.38.rc1-scenario-hierarchical-xangai-UAV-optimized
2026-02-19 20:25:33,090 - sim_always_on - INFO - Comando: /home/elioth/iwcmc_oran/build/optimized/scratch/ns3.38.rc1-scenario-hierarchical-xangai-UAV-optimized --simTime=3.0 --ues=9 --RngRun=400 --configuration=1...
2026-02-19 20:25:33,090 - sim_always_on - INFO - Criado arquivo de controle: /home/elioth/iwcmc_oran/output_hierarchical_uav/always_on_20260219_202533/hierarchical_actions.csv
2026-02-19 20:40:38,854 - __main__ - INFO - ============================================================
2026-02-19 20:40:38,854 - __main__ - INFO - BASELINE SIMULATIONS - HIERARCHICAL UAV SCENARIO
2026-02-19 20:40:38,854 - __main__ - INFO - ============================================================
2026-02-19 20:40:38,854 - __main__ - INFO - NS3 Path: /home/elioth/iwcmc_oran
2026-02-19 20:40:38,854 - __main__ - INFO - Output Base: /home/elioth/iwcmc_oran/output_hierarchical_uav
2026-02-19 20:40:38,854 - __main__ - INFO - Mode: both
2026-02-19 20:40:38,854 - __main__ - INFO - Parallel: True
2026-02-19 20:40:38,854 - __main__ - INFO - Executando 2 simulações em paralelo...
2026-02-19 20:40:38,863 - sim_always_on - INFO - Executável: /home/elioth/iwcmc_oran/build/optimized/scratch/ns3.38.rc1-scenario-hierarchical-xangai-UAV-optimized
2026-02-19 20:40:38,863 - sim_dynamic - INFO - Executável: /home/elioth/iwcmc_oran/build/optimized/scratch/ns3.38.rc1-scenario-hierarchical-xangai-UAV-optimized
2026-02-19 20:40:38,863 - sim_always_on - INFO - Comando: /home/elioth/iwcmc_oran/build/optimized/scratch/ns3.38.rc1-scenario-hierarchical-xangai-UAV-optimized --simTime=30.0 --ues=9 --RngRun=400 --configuration=1...
2026-02-19 20:40:38,863 - sim_dynamic - INFO - Comando: /home/elioth/iwcmc_oran/build/optimized/scratch/ns3.38.rc1-scenario-hierarchical-xangai-UAV-optimized --simTime=30.0 --ues=9 --RngRun=400 --configuration=1...
2026-02-19 20:40:38,863 - sim_dynamic - INFO - Criado arquivo de controle: /home/elioth/iwcmc_oran/output_hierarchical_uav/dynamic_20260219_204038/hierarchical_actions.csv
2026-02-19 20:40:38,863 - sim_always_on - INFO - Criado arquivo de controle: /home/elioth/iwcmc_oran/output_hierarchical_uav/always_on_20260219_204038/hierarchical_actions.csv
2026-02-19 20:41:56,253 - sim_dynamic - ERROR - Simulação falhou (returncode=-6)
2026-02-19 20:41:56,253 - sim_dynamic - ERROR - stderr: msg="ERROR: number of BS we interact with( 4) is different to the total number of BS in the scenario ()", +0.100000000s -1 file=/home/elioth/iwcmc_oran/src/mmwave/helper/energy-heuristic.cc, line=403
NS_FATAL, terminating
terminate called without an active exception

2026-02-19 21:20:38,964 - sim_always_on - ERROR - Simulação excedeu timeout
2026-02-19 21:20:38,967 - __main__ - INFO - 
============================================================
2026-02-19 21:20:38,967 - __main__ - INFO - RESULTADOS
2026-02-19 21:20:38,967 - __main__ - INFO - ============================================================
2026-02-19 21:20:38,967 - __main__ - ERROR - 
FALHA: timeout
2026-02-19 21:20:38,967 - __main__ - ERROR - 
FALHA: msg="ERROR: number of BS we interact with( 4) is different to the total number of BS in the scenario ()", +0.100000000s -1 file=/home/elioth/iwcmc_oran/src/mmwave/helper/energy-heuristic.cc, line=403
NS_FATAL, terminating
terminate called without an active exception

2026-02-19 21:20:38,967 - __main__ - INFO - 
Execução concluída!
2026-02-19 23:09:39,453 - __main__ - INFO - ============================================================
2026-02-19 23:09:39,453 - __main__ - INFO - BASELINE SIMULATIONS - HIERARCHICAL UAV SCENARIO
2026-02-19 23:09:39,453 - __main__ - INFO - ============================================================
2026-02-19 23:09:39,454 - __main__ - INFO - NS3 Path: /home/elioth/iwcmc_oran
2026-02-19 23:09:39,454 - __main__ - INFO - Output Base: /home/elioth/iwcmc_oran/output_hierarchical_uav
2026-02-19 23:09:39,454 - __main__ - INFO - Mode: dynamic
2026-02-19 23:09:39,454 - __main__ - INFO - Parallel: False
2026-02-19 23:09:39,454 - sim_dynamic - INFO - Executável: /home/elioth/iwcmc_oran/build/optimized/scratch/ns3.38.rc1-scenario-hierarchical-xangai-UAV-optimized
2026-02-19 23:09:39,454 - sim_dynamic - INFO - Comando: /home/elioth/iwcmc_oran/build/optimized/scratch/ns3.38.rc1-scenario-hierarchical-xangai-UAV-optimized --simTime=5.0 --ues=3 --RngRun=400 --configuration=1...
2026-02-19 23:09:39,454 - sim_dynamic - INFO - Criado arquivo de controle: /home/elioth/iwcmc_oran/output_hierarchical_uav/dynamic_20260219_230939/hierarchical_actions.csv
2026-02-19 23:24:39,491 - sim_dynamic - ERROR - Simulação excedeu timeout
2026-02-19 23:24:39,491 - __main__ - INFO - 
============================================================
2026-02-19 23:24:39,491 - __main__ - INFO - RESULTADOS
2026-02-19 23:24:39,491 - __main__ - INFO - ============================================================
2026-02-19 23:24:39,491 - __main__ - ERROR - 
FALHA: timeout
2026-02-19 23:24:39,491 - __main__ - INFO - 
Execução concluída!
2026-02-20 00:06:43,542 - __main__ - INFO - ============================================================
2026-02-20 00:06:43,542 - __main__ - INFO - BASELINE SIMULATIONS - HIERARCHICAL UAV SCENARIO
2026-02-20 00:06:43,542 - __main__ - INFO - ============================================================
2026-02-20 00:06:43,542 - __main__ - INFO - NS3 Path: /home/elioth/iwcmc_oran
2026-02-20 00:06:43,542 - __main__ - INFO - Output Base: /home/elioth/iwcmc_oran/output_hierarchical_uav
2026-02-20 00:06:43,542 - __main__ - INFO - Mode: both
2026-02-20 00:06:43,542 - __main__ - INFO - Parallel: True
2026-02-20 00:06:43,542 - __main__ - INFO - Executando 2 simulações em paralelo...
2026-02-20 00:06:43,548 - sim_always_on - INFO - Executável: /home/elioth/iwcmc_oran/build/optimized/scratch/ns3.38.rc1-scenario-hierarchical-xangai-UAV-optimized
2026-02-20 00:06:43,548 - sim_always_on - INFO - Comando: /home/elioth/iwcmc_oran/build/optimized/scratch/ns3.38.rc1-scenario-hierarchical-xangai-UAV-optimized --simTime=30.0 --ues=9 --RngRun=400 --configuration=1...
2026-02-20 00:06:43,548 - sim_dynamic - INFO - Executável: /home/elioth/iwcmc_oran/build/optimized/scratch/ns3.38.rc1-scenario-hierarchical-xangai-UAV-optimized
2026-02-20 00:06:43,548 - sim_always_on - INFO - Criado arquivo de controle: /home/elioth/iwcmc_oran/output_hierarchical_uav/always_on_20260220_000643/hierarchical_actions.csv
2026-02-20 00:06:43,548 - sim_dynamic - INFO - Comando: /home/elioth/iwcmc_oran/build/optimized/scratch/ns3.38.rc1-scenario-hierarchical-xangai-UAV-optimized --simTime=30.0 --ues=9 --RngRun=400 --configuration=1...
2026-02-20 00:06:43,548 - sim_dynamic - INFO - Criado arquivo de controle: /home/elioth/iwcmc_oran/output_hierarchical_uav/dynamic_20260220_000643/hierarchical_actions.csv
2026-02-20 00:46:43,645 - sim_dynamic - ERROR - Simulação excedeu timeout
2026-02-20 00:46:43,648 - sim_always_on - ERROR - Simulação excedeu timeout
2026-02-20 00:46:43,651 - __main__ - INFO - 
============================================================
2026-02-20 00:46:43,651 - __main__ - INFO - RESULTADOS
2026-02-20 00:46:43,651 - __main__ - INFO - ============================================================
2026-02-20 00:46:43,651 - __main__ - ERROR - 
FALHA: timeout
2026-02-20 00:46:43,651 - __main__ - ERROR - 
FALHA: timeout
2026-02-20 00:46:43,651 - __main__ - INFO - 
Execução concluída!
2026-02-20 08:05:45,458 - __main__ - INFO - ============================================================
2026-02-20 08:05:45,458 - __main__ - INFO - BASELINE SIMULATIONS - HIERARCHICAL UAV SCENARIO
2026-02-20 08:05:45,458 - __main__ - INFO - ============================================================
2026-02-20 08:05:45,458 - __main__ - INFO - NS3 Path: /home/elioth/iwcmc_oran
2026-02-20 08:05:45,458 - __main__ - INFO - Output Base: /home/elioth/iwcmc_oran/output_hierarchical_uav
2026-02-20 08:05:45,458 - __main__ - INFO - Mode: both
2026-02-20 08:05:45,458 - __main__ - INFO - Parallel: True
2026-02-20 08:05:45,458 - __main__ - INFO - Executando 2 simulações em paralelo...
2026-02-20 08:05:45,463 - sim_always_on - INFO - Executável: /home/elioth/iwcmc_oran/build/optimized/scratch/ns3.38.rc1-scenario-hierarchical-xangai-UAV-optimized
2026-02-20 08:05:45,463 - sim_always_on - INFO - Comando: /home/elioth/iwcmc_oran/build/optimized/scratch/ns3.38.rc1-scenario-hierarchical-xangai-UAV-optimized --simTime=30.0 --ues=9 --RngRun=400 --configuration=1...
2026-02-20 08:05:45,463 - sim_always_on - INFO - Criado arquivo de controle: /home/elioth/iwcmc_oran/output_hierarchical_uav/always_on_20260220_080545/hierarchical_actions.csv
2026-02-20 08:05:45,463 - sim_dynamic - INFO - Executável: /home/elioth/iwcmc_oran/build/optimized/scratch/ns3.38.rc1-scenario-hierarchical-xangai-UAV-optimized
2026-02-20 08:05:45,463 - sim_dynamic - INFO - Comando: /home/elioth/iwcmc_oran/build/optimized/scratch/ns3.38.rc1-scenario-hierarchical-xangai-UAV-optimized --simTime=30.0 --ues=9 --RngRun=400 --configuration=1...
2026-02-20 08:05:45,464 - sim_dynamic - INFO - Criado arquivo de controle: /home/elioth/iwcmc_oran/output_hierarchical_uav/dynamic_20260220_080545/hierarchical_actions.csv
2026-02-20 17:31:55,833 - sim_dynamic - INFO - Simulação concluída em 33970.37s
2026-02-20 17:51:29,543 - sim_always_on - INFO - Simulação concluída em 35144.08s
2026-02-20 17:51:29,597 - __main__ - INFO - 
============================================================
2026-02-20 17:51:29,597 - __main__ - INFO - RESULTADOS
2026-02-20 17:51:29,597 - __main__ - INFO - ============================================================
2026-02-20 17:51:29,597 - __main__ - INFO - 
ALWAYS_ON:
2026-02-20 17:51:29,597 - __main__ - INFO -   Tempo: 35144.08s
2026-02-20 17:51:29,597 - __main__ - INFO -   CSV: /home/elioth/iwcmc_oran/output_hierarchical_uav/always_on_20260220_080545/qos_hierarchical_always_on.csv
2026-02-20 17:51:29,597 - __main__ - INFO -   Output: /home/elioth/iwcmc_oran/output_hierarchical_uav/always_on_20260220_080545
2026-02-20 17:51:29,597 - __main__ - INFO - 
DYNAMIC:
2026-02-20 17:51:29,597 - __main__ - INFO -   Tempo: 33970.37s
2026-02-20 17:51:29,597 - __main__ - INFO -   CSV: /home/elioth/iwcmc_oran/output_hierarchical_uav/dynamic_20260220_080545/qos_hierarchical_dynamic.csv
2026-02-20 17:51:29,597 - __main__ - INFO -   Output: /home/elioth/iwcmc_oran/output_hierarchical_uav/dynamic_20260220_080545
2026-02-20 17:51:29,597 - __main__ - INFO - 
============================================================
2026-02-20 17:51:29,597 - __main__ - INFO - COMPARAÇÃO
2026-02-20 17:51:29,597 - __main__ - INFO - ============================================================
2026-02-20 17:51:29,601 - __main__ - INFO - ALWAYS_ON: reward médio = -1.6443
2026-02-20 17:51:29,603 - __main__ - INFO - DYNAMIC: reward médio = -1.3950
2026-02-20 17:51:29,603 - __main__ - INFO - 
Execução concluída!
2026-05-05 12:44:08,208 - __main__ - INFO - ============================================================
2026-05-05 12:44:08,208 - __main__ - INFO - BASELINE SIMULATIONS - HIERARCHICAL UAV SCENARIO
2026-05-05 12:44:08,208 - __main__ - INFO - ============================================================
2026-05-05 12:44:08,208 - __main__ - INFO - NS3 Path: /home/christhian/iwcmc_oran
2026-05-05 12:44:08,208 - __main__ - INFO - Output Base: /home/christhian/iwcmc_oran/output_hierarchical_uav
2026-05-05 12:44:08,208 - __main__ - INFO - Mode: both
2026-05-05 12:44:08,208 - __main__ - INFO - Parallel: False
2026-05-05 12:44:08,209 - sim_always_on - INFO - Executável: /home/christhian/iwcmc_oran/build/optimized/scratch/ns3.38.rc1-scenario-hierarchical-xangai-UAV-optimized
2026-05-05 12:44:08,209 - sim_always_on - INFO - Comando: /home/christhian/iwcmc_oran/build/optimized/scratch/ns3.38.rc1-scenario-hierarchical-xangai-UAV-optimized --simTime=5.0 --ues=9 --RngRun=400 --configuration=1...
2026-05-05 12:44:08,209 - sim_always_on - INFO - Criado arquivo de controle: /home/christhian/iwcmc_oran/output_hierarchical_uav/always_on_20260505_124408/hierarchical_actions.csv
